<?xml version="1.0" encoding="UTF-8"?>
<testng-results ignored="0" total="1" passed="1" failed="0" skipped="0">
  <reporter-output>
  </reporter-output>
  <suite started-at="2022-11-18T11:32:49 IST" name="Default suite" finished-at="2022-11-18T11:33:23 IST" duration-ms="34075">
    <groups>
    </groups>
    <test started-at="2022-11-18T11:32:49 IST" name="Default test" finished-at="2022-11-18T11:33:23 IST" duration-ms="34075">
      <class name="automation.testscript.CustomerCreation">
        <test-method is-config="true" signature="launchBrowser()[pri:0, instance:automation.testscript.CustomerCreation@130c12b7]" started-at="2022-11-18T11:32:49 IST" name="launchBrowser" finished-at="2022-11-18T11:32:51 IST" duration-ms="1879" status="PASS">
          <reporter-output>
          </reporter-output>
        </test-method> <!-- launchBrowser -->
        <test-method is-config="true" signature="login()[pri:0, instance:automation.testscript.CustomerCreation@130c12b7]" started-at="2022-11-18T11:32:51 IST" name="login" finished-at="2022-11-18T11:32:57 IST" duration-ms="6391" status="PASS">
          <reporter-output>
          </reporter-output>
        </test-method> <!-- login -->
        <test-method signature="createCustomer()[pri:0, instance:automation.testscript.CustomerCreation@130c12b7]" started-at="2022-11-18T11:32:57 IST" name="createCustomer" finished-at="2022-11-18T11:33:05 IST" duration-ms="7823" status="PASS">
          <reporter-output>
          </reporter-output>
        </test-method> <!-- createCustomer -->
        <test-method is-config="true" signature="logout()[pri:0, instance:automation.testscript.CustomerCreation@130c12b7]" started-at="2022-11-18T11:33:05 IST" name="logout" finished-at="2022-11-18T11:33:07 IST" duration-ms="1665" status="PASS">
          <reporter-output>
          </reporter-output>
        </test-method> <!-- logout -->
        <test-method is-config="true" signature="closeBrowser()[pri:0, instance:automation.testscript.CustomerCreation@130c12b7]" started-at="2022-11-18T11:33:07 IST" name="closeBrowser" finished-at="2022-11-18T11:33:23 IST" duration-ms="16274" status="PASS">
          <reporter-output>
          </reporter-output>
        </test-method> <!-- closeBrowser -->
      </class> <!-- automation.testscript.CustomerCreation -->
    </test> <!-- Default test -->
  </suite> <!-- Default suite -->
</testng-results>
